<?xml version="1.0" encoding="UTF-8"?>
<!-- Generated by org.testng.reporters.JUnitReportReporter -->
<testsuite hostname="Deepaks-MacBook-Air.local" failures="0" tests="1" name="com.relevelProject.qa.testCases.testName" time="18.484" errors="0" timestamp="2023-05-21T11:26:54 IST" skipped="0">
  <testcase classname="com.relevelProject.qa.testCases.testName" name="loginApplication" time="18.484"/>
  <system-out/>
</testsuite> <!-- com.relevelProject.qa.testCases.testName -->
